<?xml version="1.0" encoding="UTF-8"?>
<!-- Generated by org.testng.reporters.JUnitReportReporter -->
<testsuite skipped="0" hostname="dell-PC" name="com.guru.scripts.LoginTest" tests="2" failures="0" timestamp="17 Jun 2018 05:36:52 GMT" time="41.284" errors="0">
  <testcase name="validLoginTest" time="17.077" classname="com.guru.scripts.LoginTest"/>
  <testcase name="invalidLoginTest" time="24.207" classname="com.guru.scripts.LoginTest"/>
</testsuite> <!-- com.guru.scripts.LoginTest -->
