<?xml version="1.0" encoding="UTF-8"?>
<!-- Generated by org.testng.reporters.JUnitReportReporter -->
<testsuite skipped="0" hostname="dell-PC" name="com.guru.scripts.TasksTest" tests="1" failures="0" timestamp="19 Jun 2018 05:29:23 GMT" time="43.923" errors="0">
  <testcase name="validLoginTest" time="43.923" classname="com.guru.scripts.TasksTest"/>
</testsuite> <!-- com.guru.scripts.TasksTest -->
