<?xml version="1.0" encoding="UTF-8"?>
<!-- Generated by org.testng.reporters.JUnitReportReporter -->
<testsuite skipped="0" hostname="dell-PC" name="com.guru.scripts.LoginTest" tests="1" failures="0" timestamp="12 Jun 2018 19:03:36 GMT" time="12.141" errors="0">
  <testcase name="validLoginTest" time="12.141" classname="com.guru.scripts.LoginTest"/>
</testsuite> <!-- com.guru.scripts.LoginTest -->
